  CollisionFine.cpp
D:\Ellie\CTP\VSProject\VSProject\RigidBody.h(17,26): warning C4305: 'initializing': truncation from 'double' to 'float'
D:\Ellie\CTP\VSProject\VSProject\CollisionFine.cpp(134,17): warning C4244: 'initializing': conversion from 'double' to 'float', possible loss of data
D:\Ellie\CTP\VSProject\VSProject\CollisionFine.cpp(164,22): warning C4244: '=': conversion from 'double' to 'float', possible loss of data
D:\Ellie\CTP\VSProject\VSProject\CollisionFine.cpp(169,22): warning C4244: '=': conversion from 'double' to 'float', possible loss of data
D:\Ellie\CTP\VSProject\VSProject\CollisionFine.cpp(174,22): warning C4244: '=': conversion from 'double' to 'float', possible loss of data
D:\Ellie\CTP\VSProject\VSProject\CollisionFine.cpp(179,49): warning C4244: '=': conversion from 'double' to 'float', possible loss of data
D:\Ellie\CTP\VSProject\VSProject\CollisionFine.cpp(196,3): warning C4244: 'return': conversion from 'double' to 'float', possible loss of data
D:\Ellie\CTP\VSProject\VSProject\CollisionFine.cpp(209,17): warning C4244: 'initializing': conversion from 'double' to 'float', possible loss of data
D:\Ellie\CTP\VSProject\VSProject\CollisionFine.cpp(312,95): warning C4244: 'argument': conversion from 'double' to 'float', possible loss of data
D:\Ellie\CTP\VSProject\VSProject\CollisionFine.cpp(312,48): warning C4244: 'argument': conversion from 'double' to 'float', possible loss of data
D:\Ellie\CTP\VSProject\VSProject\CollisionFine.cpp(355,19): warning C4244: 'initializing': conversion from 'double' to 'float', possible loss of data
D:\Ellie\CTP\VSProject\VSProject\CollisionFine.cpp(356,19): warning C4244: 'initializing': conversion from 'double' to 'float', possible loss of data
D:\Ellie\CTP\VSProject\VSProject\CollisionFine.cpp(357,26): warning C4244: 'initializing': conversion from 'double' to 'float', possible loss of data
D:\Ellie\CTP\VSProject\VSProject\CollisionFine.cpp(360,20): warning C4244: 'initializing': conversion from 'double' to 'float', possible loss of data
D:\Ellie\CTP\VSProject\VSProject\CollisionFine.cpp(361,20): warning C4244: 'initializing': conversion from 'double' to 'float', possible loss of data
D:\Ellie\CTP\VSProject\VSProject\CollisionFine.cpp(390,20): warning C4244: 'initializing': conversion from 'double' to 'float', possible loss of data
D:\Ellie\CTP\VSProject\VSProject\CollisionFine.cpp(397,20): warning C4244: 'initializing': conversion from 'double' to 'float', possible loss of data
D:\Ellie\CTP\VSProject\VSProject\CollisionFine.cpp(404,18): warning C4244: 'initializing': conversion from 'double' to 'float', possible loss of data
D:\Ellie\CTP\VSProject\VSProject\CollisionFine.cpp(410,30): warning C4244: 'argument': conversion from 'double' to 'const float', possible loss of data
D:\Ellie\CTP\VSProject\VSProject\CollisionFine.cpp(413,34): warning C4244: '=': conversion from 'double' to 'float', possible loss of data
D:\Ellie\CTP\VSProject\VSProject\CollisionFine.cpp(427,22): warning C4244: 'initializing': conversion from 'double' to 'float', possible loss of data
D:\Ellie\CTP\VSProject\VSProject\CollisionFine.cpp(438,26): warning C4838: conversion from 'double' to 'float' requires a narrowing conversion
D:\Ellie\CTP\VSProject\VSProject\CollisionFine.cpp(438,26): warning C4244: 'initializing': conversion from 'double' to 'float', possible loss of data
D:\Ellie\CTP\VSProject\VSProject\CollisionFine.cpp(439,26): warning C4838: conversion from 'double' to 'float' requires a narrowing conversion
D:\Ellie\CTP\VSProject\VSProject\CollisionFine.cpp(439,26): warning C4244: 'initializing': conversion from 'double' to 'float', possible loss of data
D:\Ellie\CTP\VSProject\VSProject\CollisionFine.cpp(440,26): warning C4838: conversion from 'double' to 'float' requires a narrowing conversion
D:\Ellie\CTP\VSProject\VSProject\CollisionFine.cpp(440,26): warning C4244: 'initializing': conversion from 'double' to 'float', possible loss of data
D:\Ellie\CTP\VSProject\VSProject\CollisionFine.cpp(441,26): warning C4838: conversion from 'double' to 'float' requires a narrowing conversion
D:\Ellie\CTP\VSProject\VSProject\CollisionFine.cpp(441,26): warning C4244: 'initializing': conversion from 'double' to 'float', possible loss of data
D:\Ellie\CTP\VSProject\VSProject\CollisionFine.cpp(451,26): warning C4244: 'initializing': conversion from 'double' to 'float', possible loss of data
D:\Ellie\CTP\VSProject\VSProject\CollisionFine.cpp(487,29): warning C4244: '=': conversion from 'double' to 'float', possible loss of data
D:\Ellie\CTP\VSProject\VSProject\CollisionFine.cpp(509,30): warning C4244: '=': conversion from 'double' to 'float', possible loss of data
D:\Ellie\CTP\VSProject\VSProject\CollisionFine.cpp(543,13): warning C4244: 'initializing': conversion from 'double' to 'float', possible loss of data
D:\Ellie\CTP\VSProject\VSProject\CollisionFine.cpp(544,13): warning C4244: 'initializing': conversion from 'double' to 'float', possible loss of data
D:\Ellie\CTP\VSProject\VSProject\CollisionFine.cpp(611,22): warning C4244: 'initializing': conversion from 'double' to 'float', possible loss of data
D:\Ellie\CTP\VSProject\VSProject\CollisionFine.cpp(624,26): warning C4838: conversion from 'double' to 'float' requires a narrowing conversion
D:\Ellie\CTP\VSProject\VSProject\CollisionFine.cpp(624,26): warning C4244: 'initializing': conversion from 'double' to 'float', possible loss of data
D:\Ellie\CTP\VSProject\VSProject\CollisionFine.cpp(625,26): warning C4838: conversion from 'double' to 'float' requires a narrowing conversion
D:\Ellie\CTP\VSProject\VSProject\CollisionFine.cpp(625,26): warning C4244: 'initializing': conversion from 'double' to 'float', possible loss of data
D:\Ellie\CTP\VSProject\VSProject\CollisionFine.cpp(626,26): warning C4838: conversion from 'double' to 'float' requires a narrowing conversion
D:\Ellie\CTP\VSProject\VSProject\CollisionFine.cpp(626,26): warning C4244: 'initializing': conversion from 'double' to 'float', possible loss of data
D:\Ellie\CTP\VSProject\VSProject\CollisionFine.cpp(627,26): warning C4838: conversion from 'double' to 'float' requires a narrowing conversion
D:\Ellie\CTP\VSProject\VSProject\CollisionFine.cpp(627,26): warning C4244: 'initializing': conversion from 'double' to 'float', possible loss of data
D:\Ellie\CTP\VSProject\VSProject\CollisionFine.cpp(628,26): warning C4838: conversion from 'double' to 'float' requires a narrowing conversion
D:\Ellie\CTP\VSProject\VSProject\CollisionFine.cpp(628,26): warning C4244: 'initializing': conversion from 'double' to 'float', possible loss of data
D:\Ellie\CTP\VSProject\VSProject\CollisionFine.cpp(629,26): warning C4838: conversion from 'double' to 'float' requires a narrowing conversion
D:\Ellie\CTP\VSProject\VSProject\CollisionFine.cpp(629,26): warning C4244: 'initializing': conversion from 'double' to 'float', possible loss of data
D:\Ellie\CTP\VSProject\VSProject\CollisionFine.cpp(641,26): warning C4244: 'initializing': conversion from 'double' to 'float', possible loss of data
D:\Ellie\CTP\VSProject\VSProject\CollisionFine.cpp(667,29): warning C4244: '=': conversion from 'double' to 'float', possible loss of data
D:\Ellie\CTP\VSProject\VSProject\CollisionFine.cpp(685,29): warning C4244: '=': conversion from 'double' to 'float', possible loss of data
D:\Ellie\CTP\VSProject\VSProject\CollisionFine.cpp(702,39): warning C4305: '=': truncation from 'double' to 'float'
D:\Ellie\CTP\VSProject\VSProject\CollisionFine.cpp(727,13): warning C4244: 'initializing': conversion from 'double' to 'float', possible loss of data
D:\Ellie\CTP\VSProject\VSProject\CollisionFine.cpp(728,13): warning C4244: 'initializing': conversion from 'double' to 'float', possible loss of data
  VSProject.vcxproj -> D:\Ellie\CTP\VSProject\Debug\VSProject.exe
