d:\ellie\ctp\vsproject\vsproject\debug\vc142.pdb
d:\ellie\ctp\vsproject\vsproject\debug\vc142.idb
d:\ellie\ctp\vsproject\vsproject\debug\rigidbody.obj
d:\ellie\ctp\vsproject\vsproject\debug\raycast.obj
d:\ellie\ctp\vsproject\vsproject\debug\raycamera.obj
d:\ellie\ctp\vsproject\vsproject\debug\quaternion.obj
d:\ellie\ctp\vsproject\vsproject\debug\primitive.obj
d:\ellie\ctp\vsproject\vsproject\debug\main.obj
d:\ellie\ctp\vsproject\vsproject\debug\engine.obj
d:\ellie\ctp\vsproject\vsproject\debug\primitivemanager.obj
d:\ellie\ctp\vsproject\vsproject\debug\matrix.obj
d:\ellie\ctp\vsproject\vsproject\debug\mathe.obj
d:\ellie\ctp\vsproject\vsproject\debug\global.obj
d:\ellie\ctp\vsproject\vsproject\debug\consolecontrols.obj
d:\ellie\ctp\vsproject\vsproject\debug\collisionvolume.obj
d:\ellie\ctp\vsproject\vsproject\debug\collisions.obj
d:\ellie\ctp\vsproject\vsproject\debug\collisionresolution.obj
d:\ellie\ctp\vsproject\vsproject\debug\collisionfine.obj
d:\ellie\ctp\vsproject\vsproject\debug\contact.obj
d:\ellie\ctp\vsproject\vsproject\debug\collisioncoarse.obj
d:\ellie\ctp\vsproject\vsproject\debug\camera.obj
d:\ellie\ctp\vsproject\vsproject\debug\boundingvolume.obj
d:\ellie\ctp\vsproject\vsproject\debug\vector.obj
d:\ellie\ctp\vsproject\vsproject\debug\shapes.obj
d:\ellie\ctp\vsproject\vsproject\debug\separatingaxistheorem.obj
d:\ellie\ctp\vsproject\debug\vsproject.exe
d:\ellie\ctp\vsproject\debug\vsproject.ilk
d:\ellie\ctp\vsproject\debug\vsproject.pdb
d:\ellie\ctp\vsproject\vsproject\debug\vsproject.tlog\cl.command.1.tlog
d:\ellie\ctp\vsproject\vsproject\debug\vsproject.tlog\cl.read.1.tlog
d:\ellie\ctp\vsproject\vsproject\debug\vsproject.tlog\cl.write.1.tlog
d:\ellie\ctp\vsproject\vsproject\debug\vsproject.tlog\link.command.1.tlog
d:\ellie\ctp\vsproject\vsproject\debug\vsproject.tlog\link.read.1.tlog
d:\ellie\ctp\vsproject\vsproject\debug\vsproject.tlog\link.write.1.tlog
